# JRE version: OpenJDK Runtime Environment Zulu15.40+19-CA (15.0.7+4) (build 15.0.7+4-MTS)
# Java VM: OpenJDK 64-Bit Server VM Zulu15.40+19-CA (15.0.7+4-MTS, mixed mode, tiered, compressed oops, g1 gc, bsd-aarch64)
GC Precious Log:
 CPUs: 8 total, 8 available
 Memory: 16384M
 Large Page Support: Disabled
 NUMA Support: Disabled
 Compressed Oops: Enabled (Zero based)
 Heap Region Size: 1M
 Heap Min Capacity: 8M
 Heap Initial Capacity: 256M
 Heap Max Capacity: 1G
 Pre-touch: Disabled
 Parallel Workers: 8
 Concurrent Workers: 2
 Concurrent Refinement Workers: 8
 Periodic GC: Disabled
Heap:
 garbage-first heap   total 20480K, used 5457K [0x0000000780000000, 0x00000007c0000000)
  region size 1024K, 1 young (1024K), 0 survivors (0K)
 Metaspace       used 8316K, capacity 8526K, committed 8832K, reserved 1056768K
  class space    used 736K, capacity 787K, committed 896K, reserved 1048576K
GC Heap History (18 events):
Event: 0.098 GC heap before
{Heap before GC invocations=0 (full 0):
 garbage-first heap   total 262144K, used 4096K [0x0000000780000000, 0x00000007c0000000)
  region size 1024K, 5 young (5120K), 0 survivors (0K)
 Metaspace       used 6946K, capacity 7077K, committed 7424K, reserved 1056768K
  class space    used 615K, capacity 674K, committed 768K, reserved 1048576K
}
Event: 0.099 GC heap after
{Heap after GC invocations=1 (full 1):
 garbage-first heap   total 17408K, used 1406K [0x0000000780000000, 0x00000007c0000000)
  region size 1024K, 0 young (0K), 0 survivors (0K)
 Metaspace       used 6946K, capacity 7077K, committed 7424K, reserved 1056768K
  class space    used 615K, capacity 674K, committed 768K, reserved 1048576K
}
Event: 0.159 GC heap before
{Heap before GC invocations=1 (full 1):
 garbage-first heap   total 17408K, used 5502K [0x0000000780000000, 0x00000007c0000000)
  region size 1024K, 4 young (4096K), 0 survivors (0K)
 Metaspace       used 8162K, capacity 8258K, committed 8576K, reserved 1056768K
  class space    used 726K, capacity 785K, committed 896K, reserved 1048576K
}
Event: 0.160 GC heap after
{Heap after GC invocations=2 (full 1):
 garbage-first heap   total 17408K, used 2103K [0x0000000780000000, 0x00000007c0000000)
  region size 1024K, 1 young (1024K), 1 survivors (1024K)
 Metaspace       used 8162K, capacity 8258K, committed 8576K, reserved 1056768K
  class space    used 726K, capacity 785K, committed 896K, reserved 1048576K
}
Event: 0.166 GC heap before
{Heap before GC invocations=2 (full 1):
 garbage-first heap   total 17408K, used 6199K [0x0000000780000000, 0x00000007c0000000)
  region size 1024K, 5 young (5120K), 1 survivors (1024K)
 Metaspace       used 8165K, capacity 8322K, committed 8576K, reserved 1056768K
  class space    used 727K, capacity 785K, committed 896K, reserved 1048576K
}
Event: 0.167 GC heap after
{Heap after GC invocations=3 (full 1):
 garbage-first heap   total 17408K, used 2465K [0x0000000780000000, 0x00000007c0000000)
  region size 1024K, 1 young (1024K), 1 survivors (1024K)
 Metaspace       used 8165K, capacity 8322K, committed 8576K, reserved 1056768K
  class space    used 727K, capacity 785K, committed 896K, reserved 1048576K
}
Event: 0.169 GC heap before
{Heap before GC invocations=3 (full 1):
 garbage-first heap   total 17408K, used 6561K [0x0000000780000000, 0x00000007c0000000)
  region size 1024K, 5 young (5120K), 1 survivors (1024K)
 Metaspace       used 8167K, capacity 8322K, committed 8576K, reserved 1056768K
  class space    used 727K, capacity 785K, committed 896K, reserved 1048576K
}
Event: 0.170 GC heap after
{Heap after GC invocations=4 (full 1):
 garbage-first heap   total 17408K, used 2843K [0x0000000780000000, 0x00000007c0000000)
  region size 1024K, 1 young (1024K), 1 survivors (1024K)
 Metaspace       used 8167K, capacity 8322K, committed 8576K, reserved 1056768K
  class space    used 727K, capacity 785K, committed 896K, reserved 1048576K
}
Event: 0.173 GC heap before
{Heap before GC invocations=4 (full 1):
 garbage-first heap   total 17408K, used 6939K [0x0000000780000000, 0x00000007c0000000)
  region size 1024K, 5 young (5120K), 1 survivors (1024K)
 Metaspace       used 8175K, capacity 8322K, committed 8576K, reserved 1056768K
  class space    used 727K, capacity 785K, committed 896K, reserved 1048576K
}
Event: 0.174 GC heap after
{Heap after GC invocations=5 (full 1):
 garbage-first heap   total 17408K, used 3245K [0x0000000780000000, 0x00000007c0000000)
  region size 1024K, 1 young (1024K), 1 survivors (1024K)
 Metaspace       used 8175K, capacity 8322K, committed 8576K, reserved 1056768K
  class space    used 727K, capacity 785K, committed 896K, reserved 1048576K
}
Event: 0.177 GC heap before
{Heap before GC invocations=5 (full 1):
 garbage-first heap   total 17408K, used 8365K [0x0000000780000000, 0x00000007c0000000)
  region size 1024K, 6 young (6144K), 1 survivors (1024K)
 Metaspace       used 8180K, capacity 8322K, committed 8576K, reserved 1056768K
  class space    used 727K, capacity 785K, committed 896K, reserved 1048576K
}
Event: 0.178 GC heap after
{Heap after GC invocations=6 (full 1):
 garbage-first heap   total 140288K, used 3724K [0x0000000780000000, 0x00000007c0000000)
  region size 1024K, 1 young (1024K), 1 survivors (1024K)
 Metaspace       used 8180K, capacity 8322K, committed 8576K, reserved 1056768K
  class space    used 727K, capacity 785K, committed 896K, reserved 1048576K
}
Event: 0.218 GC heap before
{Heap before GC invocations=6 (full 1):
 garbage-first heap   total 140288K, used 24204K [0x0000000780000000, 0x00000007c0000000)
  region size 1024K, 22 young (22528K), 1 survivors (1024K)
 Metaspace       used 8316K, capacity 8526K, committed 8832K, reserved 1056768K
  class space    used 736K, capacity 787K, committed 896K, reserved 1048576K
}
Event: 0.224 GC heap after
{Heap after GC invocations=7 (full 2):
 garbage-first heap   total 20480K, used 5456K [0x0000000780000000, 0x00000007c0000000)
  region size 1024K, 0 young (0K), 0 survivors (0K)
 Metaspace       used 8316K, capacity 8526K, committed 8832K, reserved 1056768K
  class space    used 736K, capacity 787K, committed 896K, reserved 1048576K
}
Event: 0.385 GC heap before
{Heap before GC invocations=7 (full 2):
 garbage-first heap   total 20480K, used 5456K [0x0000000780000000, 0x00000007c0000000)
  region size 1024K, 1 young (1024K), 0 survivors (0K)
 Metaspace       used 8316K, capacity 8526K, committed 8832K, reserved 1056768K
  class space    used 736K, capacity 787K, committed 896K, reserved 1048576K
}
Event: 0.389 GC heap after
{Heap after GC invocations=8 (full 3):
 garbage-first heap   total 20480K, used 5457K [0x0000000780000000, 0x00000007c0000000)
  region size 1024K, 0 young (0K), 0 survivors (0K)
 Metaspace       used 8316K, capacity 8526K, committed 8832K, reserved 1056768K
  class space    used 736K, capacity 787K, committed 896K, reserved 1048576K
}
Event: 0.412 GC heap before
{Heap before GC invocations=8 (full 3):
 garbage-first heap   total 20480K, used 5457K [0x0000000780000000, 0x00000007c0000000)
  region size 1024K, 1 young (1024K), 0 survivors (0K)
 Metaspace       used 8316K, capacity 8526K, committed 8832K, reserved 1056768K
  class space    used 736K, capacity 787K, committed 896K, reserved 1048576K
}
Event: 0.416 GC heap after
{Heap after GC invocations=9 (full 4):
 garbage-first heap   total 20480K, used 5457K [0x0000000780000000, 0x00000007c0000000)
  region size 1024K, 0 young (0K), 0 survivors (0K)
 Metaspace       used 8316K, capacity 8526K, committed 8832K, reserved 1056768K
  class space    used 736K, capacity 787K, committed 896K, reserved 1048576K
}

